--------------------------------------------------------------------------------
Makelog started: 2025-06-30 12:39:33
Working directory: /Users/yunfe/Documents/GitHub/template_archive/data
--------------------------------------------------------------------------------
Input links successfully created!
External links successfully created!
Source logs successfully written!
Version logs successfully written!
Executing command: `python  "/Users/yunfe/Documents/GitHub/template_archive/data/code/merge_data.py" `
Executing command: `python  "/Users/yunfe/Documents/GitHub/template_archive/data/code/clean_data.py" `
/Users/yunfe/Documents/GitHub/template_archive/data/code/clean_data.py:20: FutureWarning: ChainedAssignmentError: behaviour will change in pandas 3.0!
You are setting values through chained assignment. Currently this works in certain cases, but when using Copy-on-Write (which will become the default behaviour in pandas 3.0) this will never work to update the original DataFrame or Series, because the intermediate object on which we are setting values will behave as a copy.
A typical example is when you are setting values in a column of a DataFrame, like:

df["col"][row_indexer] = value

Use `df.loc[row_indexer, "col"] = values` instead, to perform the assignment in a single step and ensure this keeps updating the original `df`.

See the caveats in the documentation: https://pandas.pydata.org/pandas-docs/stable/user_guide/indexing.html#returning-a-view-versus-a-copy

  df['chips_sold'][df['chips_sold'] == -999999] = np.nan
/Users/yunfe/Documents/GitHub/template_archive/data/code/clean_data.py:20: SettingWithCopyWarning: 
A value is trying to be set on a copy of a slice from a DataFrame

See the caveats in the documentation: https://pandas.pydata.org/pandas-docs/stable/user_guide/indexing.html#returning-a-view-versus-a-copy
  df['chips_sold'][df['chips_sold'] == -999999] = np.nan

Output logs successfully written!
--------------------------------------------------------------------------------
Makelog ended: 2025-06-30 12:39:36
Working directory: /Users/yunfe/Documents/GitHub/template_archive/data
--------------------------------------------------------------------------------
