--------------------------------------------------------------------------------
Versions log started: 2025-06-29 22:02:18
--------------------------------------------------------------------------------
# packages in environment at /opt/anaconda3/envs/template:
#
# Name                    Version                   Build  Channel
anyio                     4.9.0              pyh29332c3_0    conda-forge
appnope                   0.1.4              pyhd8ed1ab_1    conda-forge
argon2-cffi               23.1.0             pyhd8ed1ab_1    conda-forge
argon2-cffi-bindings      21.2.0          py313h20a7fcf_5    conda-forge
arrow                     1.3.0              pyhd8ed1ab_1    conda-forge
astor                     0.8.1              pyhd8ed1ab_1    conda-forge
asttokens                 3.0.0              pyhd8ed1ab_1    conda-forge
async-lru                 2.0.5              pyh29332c3_0    conda-forge
attrs                     25.3.0             pyh71513ae_0    conda-forge
babel                     2.17.0             pyhd8ed1ab_0    conda-forge
beautifulsoup4            4.13.4             pyha770c72_0    conda-forge
bleach                    6.2.0              pyh29332c3_4    conda-forge
bleach-with-css           6.2.0                h82add2a_4    conda-forge
brotli                    1.1.0                hd74edd7_2    conda-forge
brotli-bin                1.1.0                hd74edd7_2    conda-forge
brotli-python             1.1.0           py313h3579c5c_2    conda-forge
bzip2                     1.0.8                h99b78c6_7    conda-forge
ca-certificates           2025.4.26            hbd8a1cb_0    conda-forge
cached-property           1.5.2                hd8ed1ab_1    conda-forge
cached_property           1.5.2              pyha770c72_1    conda-forge
certifi                   2025.4.26          pyhd8ed1ab_0    conda-forge
cffi                      1.17.1          py313hc845a76_0    conda-forge
charset-normalizer        3.4.2              pyhd8ed1ab_0    conda-forge
colorama                  0.4.6              pyhd8ed1ab_1    conda-forge
comm                      0.2.2              pyhd8ed1ab_1    conda-forge
contourpy                 1.3.2           py313h0ebd0e5_0    conda-forge
cycler                    0.12.1             pyhd8ed1ab_1    conda-forge
debugpy                   1.8.14          py313h928ef07_0    conda-forge
decorator                 5.2.1              pyhd8ed1ab_0    conda-forge
defusedxml                0.7.1              pyhd8ed1ab_0    conda-forge
exceptiongroup            1.3.0              pyhd8ed1ab_0    conda-forge
executing                 2.2.0              pyhd8ed1ab_0    conda-forge
fonttools                 4.58.1          py313ha9b7d5b_0    conda-forge
formulaic                 1.1.1              pyhd8ed1ab_0    conda-forge
fqdn                      1.5.1              pyhd8ed1ab_1    conda-forge
freetype                  2.13.3               hce30654_1    conda-forge
gitdb                     4.0.12             pyhd8ed1ab_0    conda-forge
gitpython                 3.1.44             pyhff2d567_0    conda-forge
graphlib-backport         1.0.3              pyhd8ed1ab_0    conda-forge
h11                       0.16.0             pyhd8ed1ab_0    conda-forge
h2                        4.2.0              pyhd8ed1ab_0    conda-forge
hpack                     4.1.0              pyhd8ed1ab_0    conda-forge
httpcore                  1.0.9              pyh29332c3_0    conda-forge
httpx                     0.28.1             pyhd8ed1ab_0    conda-forge
hyperframe                6.1.0              pyhd8ed1ab_0    conda-forge
idna                      3.10               pyhd8ed1ab_1    conda-forge
importlib-metadata        8.7.0              pyhe01879c_1    conda-forge
importlib_resources       6.5.2              pyhd8ed1ab_0    conda-forge
interface_meta            1.3.0              pyhd8ed1ab_1    conda-forge
ipykernel                 6.29.5             pyh57ce528_0    conda-forge
ipython                   9.2.0              pyhfb0248b_0    conda-forge
ipython_pygments_lexers   1.1.1              pyhd8ed1ab_0    conda-forge
ipywidgets                8.1.7              pyhd8ed1ab_0    conda-forge
isoduration               20.11.0            pyhd8ed1ab_1    conda-forge
jedi                      0.19.2             pyhd8ed1ab_1    conda-forge
jinja2                    3.1.6              pyhd8ed1ab_0    conda-forge
json5                     0.12.0             pyhd8ed1ab_0    conda-forge
jsonpointer               3.0.0           py313h8f79df9_1    conda-forge
jsonschema                4.24.0             pyhd8ed1ab_0    conda-forge
jsonschema-specifications 2025.4.1           pyh29332c3_0    conda-forge
jsonschema-with-format-nongpl 4.24.0               hd8ed1ab_0    conda-forge
jupyter                   1.1.1              pyhd8ed1ab_1    conda-forge
jupyter-lsp               2.2.5              pyhe01879c_2    conda-forge
jupyter_client            8.6.3              pyhd8ed1ab_1    conda-forge
jupyter_console           6.6.3              pyhd8ed1ab_1    conda-forge
jupyter_core              5.8.1              pyh31011fe_0    conda-forge
jupyter_events            0.12.0             pyh29332c3_0    conda-forge
jupyter_server            2.16.0             pyhe01879c_0    conda-forge
jupyter_server_terminals  0.5.3              pyhd8ed1ab_1    conda-forge
jupyterlab                4.4.3              pyhd8ed1ab_0    conda-forge
jupyterlab_pygments       0.3.0              pyhd8ed1ab_2    conda-forge
jupyterlab_server         2.27.3             pyhd8ed1ab_1    conda-forge
jupyterlab_widgets        3.0.15             pyhd8ed1ab_0    conda-forge
kiwisolver                1.4.7           py313hf9c7212_0    conda-forge
krb5                      1.21.3               h237132a_0    conda-forge
lcms2                     2.17                 h7eeda09_0    conda-forge
lerc                      4.0.0                hd64df32_1    conda-forge
libblas                   3.9.0           31_h10e41b3_openblas    conda-forge
libbrotlicommon           1.1.0                hd74edd7_2    conda-forge
libbrotlidec              1.1.0                hd74edd7_2    conda-forge
libbrotlienc              1.1.0                hd74edd7_2    conda-forge
libcblas                  3.9.0           31_hb3479ef_openblas    conda-forge
libcxx                    20.1.6               ha82da77_0    conda-forge
libdeflate                1.24                 h5773f1b_0    conda-forge
libedit                   3.1.20250104    pl5321hafb1f1b_0    conda-forge
libexpat                  2.7.0                h286801f_0    conda-forge
libffi                    3.4.6                h1da3d7d_1    conda-forge
libfreetype               2.13.3               hce30654_1    conda-forge
libfreetype6              2.13.3               h1d14073_1    conda-forge
libgfortran               14.2.0             heb5dd2a_105    conda-forge
libgfortran5              14.2.0             h2c44a93_105    conda-forge
libjpeg-turbo             3.1.0                h5505292_0    conda-forge
liblapack                 3.9.0           31_hc9a63f6_openblas    conda-forge
liblzma                   5.8.1                h39f12f2_1    conda-forge
libmpdec                  4.0.0                h5505292_0    conda-forge
libopenblas               0.3.29          openmp_hf332438_0    conda-forge
libpng                    1.6.47               h3783ad8_0    conda-forge
libsodium                 1.0.20               h99b78c6_0    conda-forge
libsqlite                 3.50.0               h3f77e49_0    conda-forge
libtiff                   4.7.0                h2f21f7c_5    conda-forge
libwebp-base              1.5.0                h2471fea_0    conda-forge
libxcb                    1.17.0               hdb1d25a_0    conda-forge
libzlib                   1.3.1                h8359307_2    conda-forge
linearmodels              6.1             py313h93df234_0    conda-forge
llvm-openmp               20.1.5               hdb05f8b_0    conda-forge
markupsafe                3.0.2           py313ha9b7d5b_1    conda-forge
matplotlib                3.10.3          py313h39782a4_0    conda-forge
matplotlib-base           3.10.3          py313haaf02c0_0    conda-forge
matplotlib-inline         0.1.7              pyhd8ed1ab_1    conda-forge
mistune                   3.1.3              pyh29332c3_0    conda-forge
munkres                   1.1.4              pyh9f0ad1d_0    conda-forge
mypy_extensions           1.1.0              pyha770c72_0    conda-forge
nbclient                  0.10.2             pyhd8ed1ab_0    conda-forge
nbconvert-core            7.16.6             pyh29332c3_0    conda-forge
nbformat                  5.10.4             pyhd8ed1ab_1    conda-forge
ncurses                   6.5                  h5e97a16_3    conda-forge
nest-asyncio              1.6.0              pyhd8ed1ab_1    conda-forge
notebook                  7.4.3              pyhd8ed1ab_0    conda-forge
notebook-shim             0.2.4              pyhd8ed1ab_1    conda-forge
numpy                     2.2.6           py313h41a2e72_0    conda-forge
openjpeg                  2.5.3                h8a3d83b_0    conda-forge
openssl                   3.5.0                h81ee809_1    conda-forge
overrides                 7.7.0              pyhd8ed1ab_1    conda-forge
packaging                 25.0               pyh29332c3_1    conda-forge
pandas                    2.2.3           py313h668b085_3    conda-forge
pandocfilters             1.5.0              pyhd8ed1ab_0    conda-forge
parso                     0.8.4              pyhd8ed1ab_1    conda-forge
patsy                     1.0.1              pyhd8ed1ab_1    conda-forge
pexpect                   4.9.0              pyhd8ed1ab_1    conda-forge
pickleshare               0.7.5           pyhd8ed1ab_1004    conda-forge
pillow                    11.2.1          py313hb37fac4_0    conda-forge
pip                       25.1.1             pyh145f28c_0    conda-forge
pkgutil-resolve-name      1.3.10             pyhd8ed1ab_2    conda-forge
platformdirs              4.3.8              pyhe01879c_0    conda-forge
prometheus_client         0.22.0             pyhd8ed1ab_0    conda-forge
prompt-toolkit            3.0.51             pyha770c72_0    conda-forge
prompt_toolkit            3.0.51               hd8ed1ab_0    conda-forge
psutil                    7.0.0           py313h90d716c_0    conda-forge
pthread-stubs             0.4               hd74edd7_1002    conda-forge
ptyprocess                0.7.0              pyhd8ed1ab_1    conda-forge
pure_eval                 0.2.3              pyhd8ed1ab_1    conda-forge
pycparser                 2.22               pyh29332c3_1    conda-forge
pygments                  2.19.1             pyhd8ed1ab_0    conda-forge
pyhdfe                    0.2.0              pyhd8ed1ab_1    conda-forge
pyobjc-core               11.0            py313hb6afeec_0    conda-forge
pyobjc-framework-cocoa    11.0            py313hb6afeec_0    conda-forge
pyparsing                 3.2.3              pyhd8ed1ab_1    conda-forge
pysocks                   1.7.1              pyha55dd90_7    conda-forge
python                    3.13.3          h81fe080_101_cp313    conda-forge
python-dateutil           2.9.0.post0        pyhff2d567_1    conda-forge
python-fastjsonschema     2.21.1             pyhd8ed1ab_0    conda-forge
python-json-logger        2.0.7              pyhd8ed1ab_0    conda-forge
python-tzdata             2025.2             pyhd8ed1ab_0    conda-forge
python_abi                3.13                    7_cp313    conda-forge
pytz                      2025.2             pyhd8ed1ab_0    conda-forge
pyyaml                    6.0.2           py313ha9b7d5b_2    conda-forge
pyzmq                     26.4.0          py313he6960b1_0    conda-forge
qhull                     2020.2               h420ef59_5    conda-forge
readline                  8.2                  h1d1bf99_2    conda-forge
referencing               0.36.2             pyh29332c3_0    conda-forge
requests                  2.32.3             pyhd8ed1ab_1    conda-forge
rfc3339-validator         0.1.4              pyhd8ed1ab_1    conda-forge
rfc3986-validator         0.1.1              pyh9f0ad1d_0    conda-forge
rpds-py                   0.25.1          py313hf3ab51e_0    conda-forge
scipy                     1.15.2          py313h9a24e0a_0    conda-forge
send2trash                1.8.3              pyh31c8845_1    conda-forge
setuptools                80.8.0             pyhff2d567_0    conda-forge
six                       1.17.0             pyhd8ed1ab_0    conda-forge
smmap                     5.0.2              pyhd8ed1ab_0    conda-forge
sniffio                   1.3.1              pyhd8ed1ab_1    conda-forge
soupsieve                 2.7                pyhd8ed1ab_0    conda-forge
stack_data                0.6.3              pyhd8ed1ab_1    conda-forge
statsmodels               0.14.4          py313h93df234_0    conda-forge
termcolor                 3.1.0              pyhd8ed1ab_0    conda-forge
terminado                 0.18.1             pyh31c8845_0    conda-forge
tinycss2                  1.4.0              pyhd8ed1ab_0    conda-forge
tk                        8.6.13               h892fb3f_2    conda-forge
tomli                     2.2.1              pyhd8ed1ab_1    conda-forge
tornado                   6.5.1           py313h90d716c_0    conda-forge
traitlets                 5.14.3             pyhd8ed1ab_1    conda-forge
types-python-dateutil     2.9.0.20250516     pyhd8ed1ab_0    conda-forge
typing-extensions         4.13.2               h0e9735f_0    conda-forge
typing_extensions         4.13.2             pyh29332c3_0    conda-forge
typing_utils              0.1.0              pyhd8ed1ab_1    conda-forge
tzdata                    2025b                h78e105d_0    conda-forge
uri-template              1.3.0              pyhd8ed1ab_1    conda-forge
urllib3                   2.4.0              pyhd8ed1ab_0    conda-forge
wcwidth                   0.2.13             pyhd8ed1ab_1    conda-forge
webcolors                 24.11.1            pyhd8ed1ab_0    conda-forge
webencodings              0.5.1              pyhd8ed1ab_3    conda-forge
websocket-client          1.8.0              pyhd8ed1ab_1    conda-forge
widgetsnbextension        4.0.14             pyhd8ed1ab_0    conda-forge
wrapt                     1.17.2          py313h90d716c_0    conda-forge
xorg-libxau               1.0.12               h5505292_0    conda-forge
xorg-libxdmcp             1.1.5                hd74edd7_0    conda-forge
yaml                      0.2.5                h3422bc3_2    conda-forge
zeromq                    4.3.5                hc1bb282_7    conda-forge
zipp                      3.22.0             pyhd8ed1ab_0    conda-forge
zstandard                 0.23.0          py313h90d716c_2    conda-forge
zstd                      1.5.7                h6491c7d_2    conda-forge

